Using pre-set license
Built from '2021.3/staging' branch; Version is '2021.3.16f1 (4016570cf34f) revision 4200023'; Using compiler version '192829333'; Build Type 'Release'
OS: 'Windows 10  (10.0.19044) 64bit Professional' Language: 'en' Physical Memory: 16215 MB
BatchMode: 1, IsHumanControllingUs: 0, StartBugReporterOnCrash: 0, Is64bit: 1, IsPro: 1

COMMAND LINE ARGUMENTS:
D:\Unity\2021.3.16f1\Editor\Unity.exe
-adb2
-batchMode
-noUpm
-name
AssetImportWorker0
-projectPath
D:/Project Unity/HomeWork1
-logFile
Logs/AssetImportWorker0.log
-srvPort
64757
Successfully changed project path to: D:/Project Unity/HomeWork1
D:/Project Unity/HomeWork1
[UnityMemory] Configuration Parameters - Can be set up in boot.config
    "memorysetup-bucket-allocator-granularity=16"
    "memorysetup-bucket-allocator-bucket-count=8"
    "memorysetup-bucket-allocator-block-size=33554432"
    "memorysetup-bucket-allocator-block-count=8"
    "memorysetup-main-allocator-block-size=16777216"
    "memorysetup-thread-allocator-block-size=16777216"
    "memorysetup-gfx-main-allocator-block-size=16777216"
    "memorysetup-gfx-thread-allocator-block-size=16777216"
    "memorysetup-cache-allocator-block-size=4194304"
    "memorysetup-typetree-allocator-block-size=2097152"
    "memorysetup-profiler-bucket-allocator-granularity=16"
    "memorysetup-profiler-bucket-allocator-bucket-count=8"
    "memorysetup-profiler-bucket-allocator-block-size=33554432"
    "memorysetup-profiler-bucket-allocator-block-count=8"
    "memorysetup-profiler-allocator-block-size=16777216"
    "memorysetup-profiler-editor-allocator-block-size=1048576"
    "memorysetup-temp-allocator-size-main=16777216"
    "memorysetup-job-temp-allocator-block-size=2097152"
    "memorysetup-job-temp-allocator-block-size-background=1048576"
    "memorysetup-job-temp-allocator-reduction-small-platforms=262144"
    "memorysetup-temp-allocator-size-background-worker=32768"
    "memorysetup-temp-allocator-size-job-worker=262144"
    "memorysetup-temp-allocator-size-preload-manager=33554432"
    "memorysetup-temp-allocator-size-nav-mesh-worker=65536"
    "memorysetup-temp-allocator-size-audio-worker=65536"
    "memorysetup-temp-allocator-size-cloud-worker=32768"
    "memorysetup-temp-allocator-size-gi-baking-worker=262144"
    "memorysetup-temp-allocator-size-gfx=262144"
Player connection [21068] Host "[IP] 169.254.76.153 [Port] 0 [Flags] 2 [Guid] 4132850868 [EditorId] 4132850868 [Version] 1048832 [Id] WindowsEditor(7,DESKTOP-U0JE19G) [Debug] 1 [PackageName] WindowsEditor [ProjectName] Editor" joined multi-casting on [225.0.0.222:54997]...

Player connection [21068] Host "[IP] 169.254.76.153 [Port] 0 [Flags] 2 [Guid] 4132850868 [EditorId] 4132850868 [Version] 1048832 [Id] WindowsEditor(7,DESKTOP-U0JE19G) [Debug] 1 [PackageName] WindowsEditor [ProjectName] Editor" joined alternative multi-casting on [225.0.0.222:34997]...

Refreshing native plugins compatible for Editor in 95.30 ms, found 3 plugins.
Preloading 0 native plugins for Editor in 0.00 ms.
Initialize engine version: 2021.3.16f1 (4016570cf34f)
[Subsystems] Discovering subsystems at path D:/Unity/2021.3.16f1/Editor/Data/Resources/UnitySubsystems
[Subsystems] Discovering subsystems at path D:/Project Unity/HomeWork1/Assets
GfxDevice: creating device client; threaded=0; jobified=0
Direct3D:
    Version:  Direct3D 11.0 [level 11.1]
    Renderer: NVIDIA GeForce RTX 2060 (ID=0x1f15)
    Vendor:   NVIDIA
    VRAM:     5968 MB
    Driver:   31.0.15.2737
Initialize mono
Mono path[0] = 'D:/Unity/2021.3.16f1/Editor/Data/Managed'
Mono path[1] = 'D:/Unity/2021.3.16f1/Editor/Data/MonoBleedingEdge/lib/mono/unityjit-win32'
Mono config path = 'D:/Unity/2021.3.16f1/Editor/Data/MonoBleedingEdge/etc'
Using monoOptions --debugger-agent=transport=dt_socket,embedding=1,server=y,suspend=n,address=127.0.0.1:56956
Begin MonoManager ReloadAssembly
Registering precompiled unity dll's ...
Register platform support module: D:/Unity/2021.3.16f1/Editor/Data/PlaybackEngines/WebGLSupport/UnityEditor.WebGL.Extensions.dll
Register platform support module: D:/Unity/2021.3.16f1/Editor/Data/PlaybackEngines/WindowsStandaloneSupport/UnityEditor.WindowsStandalone.Extensions.dll
Registered in 0.005561 seconds.
Native extension for WindowsStandalone target not found
Native extension for WebGL target not found
Refreshing native plugins compatible for Editor in 93.44 ms, found 3 plugins.
Preloading 0 native plugins for Editor in 0.00 ms.
Mono: successfully reloaded assembly
- Completed reload, in  1.032 seconds
Domain Reload Profiling:
	ReloadAssembly (1033ms)
		BeginReloadAssembly (122ms)
			ExecutionOrderSort (0ms)
			DisableScriptedObjects (0ms)
			BackupInstance (0ms)
			ReleaseScriptingObjects (0ms)
			CreateAndSetChildDomain (1ms)
		EndReloadAssembly (748ms)
			LoadAssemblies (121ms)
			RebuildTransferFunctionScriptingTraits (0ms)
			SetupTypeCache (189ms)
			ReleaseScriptCaches (0ms)
			RebuildScriptCaches (48ms)
			SetupLoadedEditorAssemblies (430ms)
				LogAssemblyErrors (0ms)
				InitializePlatformSupportModulesInManaged (11ms)
				SetLoadedEditorAssemblies (0ms)
				RefreshPlugins (94ms)
				BeforeProcessingInitializeOnLoad (2ms)
				ProcessInitializeOnLoadAttributes (226ms)
				ProcessInitializeOnLoadMethodAttributes (96ms)
				AfterProcessingInitializeOnLoad (1ms)
				EditorAssembliesLoaded (0ms)
			ExecutionOrderSort2 (0ms)
			AwakeInstancesAfterBackupRestoration (0ms)
Platform modules already initialized, skipping
Registering precompiled user dll's ...
Registered in 0.006273 seconds.
Begin MonoManager ReloadAssembly
Symbol file LoadedFromMemory doesn't match image D:\Project Unity\HomeWork1\Library\PackageCache\com.unity.visualscripting@1.7.8\Editor\VisualScripting.Core\Dependencies\YamlDotNet\Unity.VisualScripting.YamlDotNet.dll
Symbol file LoadedFromMemory doesn't match image D:\Project Unity\HomeWork1\Library\PackageCache\com.unity.visualscripting@1.7.8\Editor\VisualScripting.Core\Dependencies\DotNetZip\Unity.VisualScripting.IonicZip.dll
Native extension for WindowsStandalone target not found
Native extension for WebGL target not found
Refreshing native plugins compatible for Editor in 0.60 ms, found 3 plugins.
Preloading 0 native plugins for Editor in 0.00 ms.
Mono: successfully reloaded assembly
- Completed reload, in  1.097 seconds
Domain Reload Profiling:
	ReloadAssembly (1099ms)
		BeginReloadAssembly (201ms)
			ExecutionOrderSort (0ms)
			DisableScriptedObjects (9ms)
			BackupInstance (0ms)
			ReleaseScriptingObjects (0ms)
			CreateAndSetChildDomain (40ms)
		EndReloadAssembly (771ms)
			LoadAssemblies (136ms)
			RebuildTransferFunctionScriptingTraits (0ms)
			SetupTypeCache (249ms)
			ReleaseScriptCaches (1ms)
			RebuildScriptCaches (49ms)
			SetupLoadedEditorAssemblies (349ms)
				LogAssemblyErrors (0ms)
				InitializePlatformSupportModulesInManaged (5ms)
				SetLoadedEditorAssemblies (0ms)
				RefreshPlugins (1ms)
				BeforeProcessingInitializeOnLoad (73ms)
				ProcessInitializeOnLoadAttributes (239ms)
				ProcessInitializeOnLoadMethodAttributes (28ms)
				AfterProcessingInitializeOnLoad (3ms)
				EditorAssembliesLoaded (0ms)
			ExecutionOrderSort2 (0ms)
			AwakeInstancesAfterBackupRestoration (7ms)
Platform modules already initialized, skipping
========================================================================
Worker process is ready to serve import requests
Launched and connected shader compiler UnityShaderCompiler.exe after 0.06 seconds
Refreshing native plugins compatible for Editor in 1.00 ms, found 3 plugins.
Preloading 0 native plugins for Editor in 0.00 ms.
Unloading 3236 Unused Serialized files (Serialized files now loaded: 0)
Unloading 24 unused Assets / (56.4 KB). Loaded Objects now: 3700.
Memory consumption went from 111.5 MB to 111.4 MB.
Total: 7.606900 ms (FindLiveObjects: 0.412900 ms CreateObjectMapping: 0.526300 ms MarkObjects: 6.549800 ms  DeleteObjects: 0.116400 ms)

AssetImportParameters requested are different than current active one (requested -> active):
  custom:video-decoder-ogg-theora: a1e56fd34408186e4bbccfd4996cb3dc -> 
  custom:container-muxer-webm: aa71ff27fc2769a1b78a27578f13a17b -> 
  custom:container-demuxer-webm: 4f35f7cbe854078d1ac9338744f61a02 -> 
  custom:video-encoder-webm-vp8: eb34c28f22e8b96e1ab97ce403110664 -> 
  custom:audio-encoder-webm-vorbis: bf7c407c2cedff20999df2af8eb42d56 -> 
  custom:framework-win-MediaFoundation: 216162199b28c13a410421893ffa2e32 -> 
  custom:container-demuxer-ogg: 62fdf1f143b41e24485cea50d1cbac27 -> 
  custom:video-decoder-webm-vp8: 9c59270c3fd7afecdb556c50c9e8de78 -> 
  custom:audio-decoder-ogg-vorbis: bf7c407c2cedff20999df2af8eb42d56 -> 
========================================================================
Received Import Request.
  Time since last request: 799.272833 seconds.
  path: Assets/ดาวเสาร์ 1.obj
  artifactKey: Guid(f37c1ceac4c8d3148afc3bc04c87421d) Importer(815301076,1909f56bfc062723c751e8b465ee728b)
Start importing Assets/ดาวเสาร์ 1.obj using Guid(f37c1ceac4c8d3148afc3bc04c87421d) Importer(815301076,1909f56bfc062723c751e8b465ee728b)  -> (artifact id: '7c35ed4666faf50db54bd34aca15d587') in 0.249716 seconds 
========================================================================
Received Import Request.
  Time since last request: 8.285559 seconds.
  path: Assets/Prefab/กิ่ง.prefab
  artifactKey: Guid(cf317c6dd12232c49aac9375c4403f64) Importer(815301076,1909f56bfc062723c751e8b465ee728b)
Start importing Assets/Prefab/กิ่ง.prefab using Guid(cf317c6dd12232c49aac9375c4403f64) Importer(815301076,1909f56bfc062723c751e8b465ee728b)  -> (artifact id: '7f7fb74c9bf1f3a6139d713b3afd3825') in 0.024030 seconds 
========================================================================
Received Import Request.
  Time since last request: 0.000038 seconds.
  path: Assets/Prefab/ใบไม้ 9.prefab
  artifactKey: Guid(207f7e467cf3356428d5bdcb67f58e0d) Importer(815301076,1909f56bfc062723c751e8b465ee728b)
Start importing Assets/Prefab/ใบไม้ 9.prefab using Guid(207f7e467cf3356428d5bdcb67f58e0d) Importer(815301076,1909f56bfc062723c751e8b465ee728b)  -> (artifact id: '1f568cacd97f0c1989c7b93553aa12d4') in 0.018465 seconds 
========================================================================
Received Import Request.
  Time since last request: 0.000114 seconds.
  path: Assets/Prefab/ลำต้น.prefab
  artifactKey: Guid(cb6b0ca2c04e9e34b81929eb04804cb1) Importer(815301076,1909f56bfc062723c751e8b465ee728b)
Start importing Assets/Prefab/ลำต้น.prefab using Guid(cb6b0ca2c04e9e34b81929eb04804cb1) Importer(815301076,1909f56bfc062723c751e8b465ee728b)  -> (artifact id: 'd3aa11cbf31c10c92c3c211e706fa518') in 0.019167 seconds 
========================================================================
Received Import Request.
  Time since last request: 0.000075 seconds.
  path: Assets/Prefab/ใบไม้ 4.prefab
  artifactKey: Guid(f99b554caf64936459e71c094e0103a3) Importer(815301076,1909f56bfc062723c751e8b465ee728b)
Start importing Assets/Prefab/ใบไม้ 4.prefab using Guid(f99b554caf64936459e71c094e0103a3) Importer(815301076,1909f56bfc062723c751e8b465ee728b)  -> (artifact id: 'abf4838378d7403a296efebd8daf6b52') in 0.022213 seconds 
========================================================================
Received Import Request.
  Time since last request: 0.000044 seconds.
  path: Assets/Prefab/ใบไม้ 11.prefab
  artifactKey: Guid(c298eb40692a68c4f99f3a9c72913900) Importer(815301076,1909f56bfc062723c751e8b465ee728b)
Start importing Assets/Prefab/ใบไม้ 11.prefab using Guid(c298eb40692a68c4f99f3a9c72913900) Importer(815301076,1909f56bfc062723c751e8b465ee728b)  -> (artifact id: '87dd3ce63cb2106aa49164232d4527d9') in 0.022726 seconds 
========================================================================
Received Import Request.
  Time since last request: 0.000057 seconds.
  path: Assets/Prefab/ใบไม้.prefab
  artifactKey: Guid(617a2e3fedf7edc40930199c9bcc8b3b) Importer(815301076,1909f56bfc062723c751e8b465ee728b)
Start importing Assets/Prefab/ใบไม้.prefab using Guid(617a2e3fedf7edc40930199c9bcc8b3b) Importer(815301076,1909f56bfc062723c751e8b465ee728b)  -> (artifact id: '1abf43a0508f5d59976fa20af0a903b9') in 0.019330 seconds 
========================================================================
Received Import Request.
  Time since last request: 0.000034 seconds.
  path: Assets/Prefab/ใบไม้ (1).prefab
  artifactKey: Guid(74b96f7d25f35194aa39d252c2b42761) Importer(815301076,1909f56bfc062723c751e8b465ee728b)
Start importing Assets/Prefab/ใบไม้ (1).prefab using Guid(74b96f7d25f35194aa39d252c2b42761) Importer(815301076,1909f56bfc062723c751e8b465ee728b)  -> (artifact id: '5cafe8a996052386b148b772dd84f7cc') in 0.022440 seconds 
========================================================================
Received Import Request.
  Time since last request: 0.000049 seconds.
  path: Assets/Prefab/ใบไม้ 7.prefab
  artifactKey: Guid(78563ccbd554e534cb34c6ce75670bb7) Importer(815301076,1909f56bfc062723c751e8b465ee728b)
Start importing Assets/Prefab/ใบไม้ 7.prefab using Guid(78563ccbd554e534cb34c6ce75670bb7) Importer(815301076,1909f56bfc062723c751e8b465ee728b)  -> (artifact id: '613676e5e39f35d38092863bc277d478') in 0.021880 seconds 
========================================================================
Received Import Request.
  Time since last request: 14.394622 seconds.
  path: Assets/ดาวเสาร์.mtl
  artifactKey: Guid(6a7ecb0ee4ae59b4aba49d9a4ce39608) Importer(815301076,1909f56bfc062723c751e8b465ee728b)
Start importing Assets/ดาวเสาร์.mtl using Guid(6a7ecb0ee4ae59b4aba49d9a4ce39608) Importer(815301076,1909f56bfc062723c751e8b465ee728b)  -> (artifact id: '6c6fea54a2ecc06e8e55bcc38ae8ff73') in 0.005714 seconds 
========================================================================
Received Import Request.
  Time since last request: 7.167605 seconds.
  path: Assets/Scripts/NewBehaviourScript.cs
  artifactKey: Guid(1d1b8de96ce727149b9aa97dfe905887) Importer(815301076,1909f56bfc062723c751e8b465ee728b)
Start importing Assets/Scripts/NewBehaviourScript.cs using Guid(1d1b8de96ce727149b9aa97dfe905887) Importer(815301076,1909f56bfc062723c751e8b465ee728b)  -> (artifact id: '7ebf0e4e9fc2b417ab924a0863dbd4e0') in 0.011250 seconds 
========================================================================
Received Prepare
Registering precompiled user dll's ...
Registered in 0.004719 seconds.
Begin MonoManager ReloadAssembly
Symbol file LoadedFromMemory doesn't match image D:\Project Unity\HomeWork1\Library\PackageCache\com.unity.visualscripting@1.7.8\Editor\VisualScripting.Core\Dependencies\YamlDotNet\Unity.VisualScripting.YamlDotNet.dll
Symbol file LoadedFromMemory doesn't match image D:\Project Unity\HomeWork1\Library\PackageCache\com.unity.visualscripting@1.7.8\Editor\VisualScripting.Core\Dependencies\DotNetZip\Unity.VisualScripting.IonicZip.dll
Native extension for WindowsStandalone target not found
Native extension for WebGL target not found
Refreshing native plugins compatible for Editor in 0.61 ms, found 3 plugins.
Preloading 0 native plugins for Editor in 0.00 ms.
Mono: successfully reloaded assembly
- Completed reload, in  1.018 seconds
Domain Reload Profiling:
	ReloadAssembly (1018ms)
		BeginReloadAssembly (140ms)
			ExecutionOrderSort (0ms)
			DisableScriptedObjects (6ms)
			BackupInstance (0ms)
			ReleaseScriptingObjects (0ms)
			CreateAndSetChildDomain (34ms)
		EndReloadAssembly (777ms)
			LoadAssemblies (102ms)
			RebuildTransferFunctionScriptingTraits (0ms)
			SetupTypeCache (328ms)
			ReleaseScriptCaches (1ms)
			RebuildScriptCaches (43ms)
			SetupLoadedEditorAssemblies (280ms)
				LogAssemblyErrors (0ms)
				InitializePlatformSupportModulesInManaged (12ms)
				SetLoadedEditorAssemblies (0ms)
				RefreshPlugins (1ms)
				BeforeProcessingInitializeOnLoad (48ms)
				ProcessInitializeOnLoadAttributes (190ms)
				ProcessInitializeOnLoadMethodAttributes (24ms)
				AfterProcessingInitializeOnLoad (4ms)
				EditorAssembliesLoaded (0ms)
			ExecutionOrderSort2 (0ms)
			AwakeInstancesAfterBackupRestoration (5ms)
Platform modules already initialized, skipping
Refreshing native plugins compatible for Editor in 1.60 ms, found 3 plugins.
Preloading 0 native plugins for Editor in 0.00 ms.
Unloading 3225 Unused Serialized files (Serialized files now loaded: 0)
Unloading 22 unused Assets / (24.6 KB). Loaded Objects now: 3743.
Memory consumption went from 116.0 MB to 116.0 MB.
Total: 2.747300 ms (FindLiveObjects: 0.249200 ms CreateObjectMapping: 0.167700 ms MarkObjects: 2.298400 ms  DeleteObjects: 0.031000 ms)

AssetImportParameters requested are different than current active one (requested -> active):
  custom:video-decoder-ogg-theora: a1e56fd34408186e4bbccfd4996cb3dc -> 
  custom:container-muxer-webm: aa71ff27fc2769a1b78a27578f13a17b -> 
  custom:container-demuxer-webm: 4f35f7cbe854078d1ac9338744f61a02 -> 
  custom:video-encoder-webm-vp8: eb34c28f22e8b96e1ab97ce403110664 -> 
  custom:audio-encoder-webm-vorbis: bf7c407c2cedff20999df2af8eb42d56 -> 
  custom:framework-win-MediaFoundation: 216162199b28c13a410421893ffa2e32 -> 
  custom:container-demuxer-ogg: 62fdf1f143b41e24485cea50d1cbac27 -> 
  custom:video-decoder-webm-vp8: 9c59270c3fd7afecdb556c50c9e8de78 -> 
  custom:audio-decoder-ogg-vorbis: bf7c407c2cedff20999df2af8eb42d56 -> 
========================================================================
Received Import Request.
  Time since last request: 52.182463 seconds.
  path: Assets/Scripts/MyScripts.cs
  artifactKey: Guid(049859cd6e586d94f8c7564ae03d19fa) Importer(815301076,1909f56bfc062723c751e8b465ee728b)
Start importing Assets/Scripts/MyScripts.cs using Guid(049859cd6e586d94f8c7564ae03d19fa) Importer(815301076,1909f56bfc062723c751e8b465ee728b)  -> (artifact id: 'f0fe891a5ebeb0c6545c47c6375eaf82') in 0.009698 seconds 
========================================================================
Received Import Request.
  Time since last request: 28.201349 seconds.
  path: Assets
  artifactKey: Guid(00000000000000001000000000000000) Importer(815301076,1909f56bfc062723c751e8b465ee728b)
Start importing Assets using Guid(00000000000000001000000000000000) Importer(815301076,1909f56bfc062723c751e8b465ee728b)  -> (artifact id: '79842766b460edbeab6a34051e857a80') in 0.007394 seconds 
========================================================================
Received Import Request.
  Time since last request: 16.057557 seconds.
  path: Assets/Se
  artifactKey: Guid(eb5adddf852ec254d9b67a01e65526e6) Importer(815301076,1909f56bfc062723c751e8b465ee728b)
Start importing Assets/Se using Guid(eb5adddf852ec254d9b67a01e65526e6) Importer(815301076,1909f56bfc062723c751e8b465ee728b)  -> (artifact id: '6891890434cadeca8577fb12b7f7b811') in 0.010343 seconds 
